371338011
57171051
80897051
82367051
57172051
2225755051
361300011
50015051
2228609051
2365177051
2351851051
2405018051
2277726051
2353761051
2277725051
2017337051
2046063051
2017306051
2017307051
2017305051
2189099051
2017339051
2141344051
13343101
13331861
15752651
13331841
16393871
13343171
13343201
13343081
13343191
13343111
13343221
13331851
13343121
13343161
13343131
13343151
13343211
13331831
13343231
13343071
13343091
13343181
16393861
13343141
52907051
52911051
52908051
52905051
52906051
52910051
52909051
52913051
52912051
466304
886928
492228
466298
10667101
13384021
466306
466280
466300
255460011
466296
2400471051
466282
492266
466302
466290
13383771
466294
492152
571584
492166
500592
466284
571582
3148931
746102
492054
466292
492090
466286
562058
562064
562056
569322
569170
562050
562018
339877011
569186
562052
569174
575664
569292
569320
569290
562060
569298
569318
562062
899296
701040
562022
562014
562024
12842321
16286931
562018
562030
562026
562020
896246
562016
16286781
12842371
2111178051
3371421
124048011
16462091
128187011
387483011
16462081
3477381
2313209051
3371411
391516011
680577011
625255011
82391051
388317011
57240051
87240051
76365051
71775051
71737051
87116051
57241051
2151675051
2141353051
79342051
71774051
169911011
170040011
169976011
169667011
170267011
170303011
2356934051
170563011
325817011
169642011
170432011
170191011
170240011
2356868051
171288011
170248011
13343101
13331861
15752651
13331841
16393871
13343171
13343201
13343081
13343191
13343111
13343221
13331851
13343121
13343161
13343131
13343151
13343211
13331831
13343231
13343071
13343091
13343181
16393861
13343141
87839051
86246051
86228051
2490688051
86245051
86241051
2127277051
86233051
86240051
86243051
86242051
86239051
86252051
2127282051
86244051
2127284051
2472772051
2362160051
2250739051
2361127051
2275266051
2275264051
2313750051
2313751051
2275265051
2250740051
13938481
124048011
13938541
13938531
13945231
2381131051
2387482051
2381132051
2387485051
2387456051
2129039051
2129333051
2231746051
2141351051
2129334051
2128136051
2129332051
562058
562064
562056
569322
569170
562050
562018
339877011
569186
562052
569174
575664
569292
569320
569290
562060
569298
569318
562062
899296
701040
2130151051
2123631051
2128023051
2123630051
2134156051
2130119051
2141358051
2017256051
2016928051
2141361051
2145675051
2017286051
2016927051
2017288051
10929921
637650
927712
16245011
16250861
2449110051
2449118051
637644
637648
16250751
637666
637662
689132
16250691
16250561
689074
1040106
637652
16250881
1040116
14315371
2141363051
372725011
14315391
699045011
15339531
14315361
289803011
14315381
202769011
13343101
13331861
15752651
13331841
16393871
13343171
13343201
13343081
13343191
13343111
13343221
13331851
13343121
13343161
13343131
13343151
13343211
13331831
13343231
13343071
13343091
13343181
16393861
13343141
561998
561986
561994
10269281
564546
562000
561984
561990
561992
561988
561996
13305031
637874
2225588051
689132
2280006051
2494234051
193662011
15782591
13305831
15783231
492266
637886
2279943051
2141368051
333333011
333332011
333334011
333336011
331952011
341174011
491075011
55700051
